<?xml version="1.0" encoding="UTF-8"?>
<!-- Generated by org.testng.reporters.JUnitReportReporter -->
<testsuite skipped="0" hostname="ENGLON146394L" name="com.qa.hubspot.test.HomePageTest" tests="4" failures="0" timestamp="2020-04-26T23:54:45 CEST" time="68.692" errors="0">
  <testcase name="validateAccountName" time="17.128" classname="com.qa.hubspot.test.HomePageTest"/>
  <system-out/>
  <testcase name="validateTitle" time="16.211" classname="com.qa.hubspot.test.HomePageTest"/>
  <system-out/>
  <testcase name="validateAccountNameIsDisplayed" time="16.136" classname="com.qa.hubspot.test.HomePageTest"/>
  <system-out/>
  <testcase name="validateAccountMenuExpand" time="19.217" classname="com.qa.hubspot.test.HomePageTest"/>
  <system-out/>
</testsuite> <!-- com.qa.hubspot.test.HomePageTest -->
