<?xml version="1.0" encoding="UTF-8"?>
<!-- Generated by org.testng.reporters.JUnitReportReporter -->
<testsuite skipped="0" hostname="ENGLON146394L" name="com.qa.hubspot.test.ContactsPageTest" tests="5" failures="0" timestamp="2020-04-26T19:26:07 CEST" time="218.767" errors="0">
  <testcase name="createContact" time="42.972" classname="com.qa.hubspot.test.ContactsPageTest"/>
  <system-out/>
  <testcase name="createContact" time="43.061" classname="com.qa.hubspot.test.ContactsPageTest"/>
  <system-out/>
  <testcase name="createContact" time="43.706" classname="com.qa.hubspot.test.ContactsPageTest"/>
  <system-out/>
  <testcase name="createContact" time="45.410" classname="com.qa.hubspot.test.ContactsPageTest"/>
  <system-out/>
  <testcase name="createContact" time="43.618" classname="com.qa.hubspot.test.ContactsPageTest"/>
  <system-out/>
</testsuite> <!-- com.qa.hubspot.test.ContactsPageTest -->
