<?xml version="1.0" encoding="UTF-8"?>
<!-- Generated by org.testng.reporters.JUnitReportReporter -->
<testsuite skipped="0" hostname="ENGLON146394L" name="com.qa.hubspot.test.HomePageTest" tests="4" failures="0" timestamp="2020-04-25T18:24:54 CEST" time="84.092" errors="0">
  <testcase name="validateTitle" time="19.354" classname="com.qa.hubspot.test.HomePageTest"/>
  <system-out/>
  <testcase name="validateAccountName" time="20.241" classname="com.qa.hubspot.test.HomePageTest"/>
  <system-out/>
  <testcase name="validateAccountNameIsDisplayed" time="19.920" classname="com.qa.hubspot.test.HomePageTest"/>
  <system-out/>
  <testcase name="validateAccountMenuExpand" time="24.577" classname="com.qa.hubspot.test.HomePageTest"/>
  <system-out/>
</testsuite> <!-- com.qa.hubspot.test.HomePageTest -->
