<?xml version="1.0" encoding="UTF-8"?>
<!-- Generated by org.testng.reporters.JUnitReportReporter -->
<testsuite skipped="0" hostname="ENGLON146394L" name="com.qa.hubspot.test.HomePageTest" tests="4" failures="0" timestamp="2020-04-24T22:34:07 CEST" time="84.862" errors="0">
  <testcase name="validateTitle" time="19.180" classname="com.qa.hubspot.test.HomePageTest"/>
  <system-out/>
  <testcase name="validateAccountName" time="19.483" classname="com.qa.hubspot.test.HomePageTest"/>
  <system-out/>
  <testcase name="validateAccountNameIsDisplayed" time="19.952" classname="com.qa.hubspot.test.HomePageTest"/>
  <system-out/>
  <testcase name="validateAccountMenuExpand" time="26.247" classname="com.qa.hubspot.test.HomePageTest"/>
  <system-out/>
</testsuite> <!-- com.qa.hubspot.test.HomePageTest -->
