<?xml version="1.0" encoding="UTF-8"?>
<!-- Generated by org.testng.reporters.JUnitReportReporter -->
<testsuite skipped="0" hostname="ENGLON146394L" name="com.qa.hubspot.test.LoginPageTest" tests="3" failures="0" timestamp="2020-04-26T23:45:13 CEST" time="51.415" errors="0">
  <testcase name="validateTitle" time="13.748" classname="com.qa.hubspot.test.LoginPageTest"/>
  <system-out/>
  <testcase name="validateSignUpLinkDisplayed" time="13.866" classname="com.qa.hubspot.test.LoginPageTest"/>
  <system-out/>
  <testcase name="validateLogin" time="23.801" classname="com.qa.hubspot.test.LoginPageTest"/>
  <system-out/>
</testsuite> <!-- com.qa.hubspot.test.LoginPageTest -->
