<?xml version="1.0" encoding="UTF-8"?>
<!-- Generated by org.testng.reporters.JUnitReportReporter -->
<testsuite skipped="0" hostname="ENGLON146394L" name="com.qa.hubspot.test.HomePageTest" tests="4" failures="0" timestamp="2020-04-27T02:53:43 CEST" time="65.176" errors="0">
  <testcase name="validateAccountName" time="15.472" classname="com.qa.hubspot.test.HomePageTest"/>
  <system-out/>
  <testcase name="validateTitle" time="17.414" classname="com.qa.hubspot.test.HomePageTest"/>
  <system-out/>
  <testcase name="validateAccountNameIsDisplayed" time="17.342" classname="com.qa.hubspot.test.HomePageTest"/>
  <system-out/>
  <testcase name="validateAccountMenuExpand" time="14.948" classname="com.qa.hubspot.test.HomePageTest"/>
  <system-out/>
</testsuite> <!-- com.qa.hubspot.test.HomePageTest -->
