<?xml version="1.0" encoding="UTF-8"?>
<!-- Generated by org.testng.reporters.JUnitReportReporter -->
<testsuite skipped="0" hostname="ENGLON146394L" name="com.qa.hubspot.test.LoginPageTest" tests="3" failures="0" timestamp="2020-05-01T12:04:07 CEST" time="51.605" errors="0">
  <testcase name="validateTitle" time="15.682" classname="com.qa.hubspot.test.LoginPageTest"/>
  <system-out/>
  <testcase name="validateSignUpLinkDisplayed" time="20.231" classname="com.qa.hubspot.test.LoginPageTest"/>
  <system-out/>
  <testcase name="validateLogin" time="15.692" classname="com.qa.hubspot.test.LoginPageTest"/>
  <system-out/>
</testsuite> <!-- com.qa.hubspot.test.LoginPageTest -->
