<?xml version="1.0" encoding="UTF-8"?>
<!-- Generated by org.testng.reporters.JUnitReportReporter -->
<testsuite skipped="0" hostname="ENGLON146394L" name="com.qa.hubspot.test.ContactsPageTest" tests="6" failures="0" timestamp="2020-04-27T00:31:18 CEST" time="172.186" errors="0">
  <testcase name="createContactPopUp" time="23.517" classname="com.qa.hubspot.test.ContactsPageTest"/>
  <system-out/>
  <testcase name="createContact" time="32.505" classname="com.qa.hubspot.test.ContactsPageTest"/>
  <system-out/>
  <testcase name="createContact" time="26.866" classname="com.qa.hubspot.test.ContactsPageTest"/>
  <system-out/>
  <testcase name="createContact" time="30.475" classname="com.qa.hubspot.test.ContactsPageTest"/>
  <system-out/>
  <testcase name="createContact" time="29.059" classname="com.qa.hubspot.test.ContactsPageTest"/>
  <system-out/>
  <testcase name="createContact" time="29.764" classname="com.qa.hubspot.test.ContactsPageTest"/>
  <system-out/>
</testsuite> <!-- com.qa.hubspot.test.ContactsPageTest -->
