<?xml version="1.0" encoding="UTF-8"?>
<!-- Generated by org.testng.reporters.JUnitReportReporter -->
<testsuite skipped="0" hostname="ENGLON146394L" name="com.qa.hubspot.test.LoginPageTest" tests="3" failures="0" timestamp="2020-04-24T22:41:52 CEST" time="46.314" errors="0">
  <testcase name="validateTitle" time="13.230" classname="com.qa.hubspot.test.LoginPageTest"/>
  <system-out/>
  <testcase name="validateSignUpLinkDisplayed" time="13.448" classname="com.qa.hubspot.test.LoginPageTest"/>
  <system-out/>
  <testcase name="validateLogin" time="19.636" classname="com.qa.hubspot.test.LoginPageTest"/>
  <system-out/>
</testsuite> <!-- com.qa.hubspot.test.LoginPageTest -->
