<?xml version="1.0" encoding="UTF-8"?>
<!-- Generated by org.testng.reporters.JUnitReportReporter -->
<testsuite skipped="0" hostname="ENGLON146394L" name="com.qa.hubspot.test.HomePageTest" tests="4" failures="0" timestamp="2020-04-27T22:04:28 CEST" time="67.289" errors="0">
  <testcase name="validateAccountName" time="16.086" classname="com.qa.hubspot.test.HomePageTest"/>
  <system-out/>
  <testcase name="validateTitle" time="16.832" classname="com.qa.hubspot.test.HomePageTest"/>
  <system-out/>
  <testcase name="validateAccountNameIsDisplayed" time="17.241" classname="com.qa.hubspot.test.HomePageTest"/>
  <system-out/>
  <testcase name="validateAccountMenuExpand" time="17.130" classname="com.qa.hubspot.test.HomePageTest"/>
  <system-out/>
</testsuite> <!-- com.qa.hubspot.test.HomePageTest -->
