<?xml version="1.0" encoding="UTF-8"?>
<!-- Generated by org.testng.reporters.JUnitReportReporter -->
<testsuite skipped="0" hostname="ENGLON146394L" name="com.qa.hubspot.test.ContactsPageTest" tests="6" failures="0" timestamp="2020-04-27T02:53:43 CEST" time="165.914" errors="0">
  <testcase name="createContactPopUp" time="25.950" classname="com.qa.hubspot.test.ContactsPageTest"/>
  <system-out/>
  <testcase name="createContact" time="29.779" classname="com.qa.hubspot.test.ContactsPageTest"/>
  <system-out/>
  <testcase name="createContact" time="29.537" classname="com.qa.hubspot.test.ContactsPageTest"/>
  <system-out/>
  <testcase name="createContact" time="29.052" classname="com.qa.hubspot.test.ContactsPageTest"/>
  <system-out/>
  <testcase name="createContact" time="25.782" classname="com.qa.hubspot.test.ContactsPageTest"/>
  <system-out/>
  <testcase name="createContact" time="25.814" classname="com.qa.hubspot.test.ContactsPageTest"/>
  <system-out/>
</testsuite> <!-- com.qa.hubspot.test.ContactsPageTest -->
