<?xml version="1.0" encoding="UTF-8"?>
<!-- Generated by org.testng.reporters.JUnitReportReporter -->
<testsuite skipped="0" hostname="ENGLON146394L" name="com.qa.hubspot.test.ProfilePageTest" tests="6" failures="0" timestamp="2020-04-27T00:11:24 CEST" time="114.468" errors="0">
  <testcase name="validateTitle" time="19.174" classname="com.qa.hubspot.test.ProfilePageTest"/>
  <system-out/>
  <testcase name="validatePageHeader" time="19.953" classname="com.qa.hubspot.test.ProfilePageTest"/>
  <system-out/>
  <testcase name="validateProfileName" time="17.202" classname="com.qa.hubspot.test.ProfilePageTest"/>
  <system-out/>
  <testcase name="validateLanguage" time="18.560" classname="com.qa.hubspot.test.ProfilePageTest"/>
  <system-out/>
  <testcase name="validateTimeZone" time="18.803" classname="com.qa.hubspot.test.ProfilePageTest"/>
  <system-out/>
  <testcase name="validatePhoneNumber" time="20.776" classname="com.qa.hubspot.test.ProfilePageTest"/>
  <system-out/>
</testsuite> <!-- com.qa.hubspot.test.ProfilePageTest -->
