<?xml version="1.0" encoding="UTF-8"?>
<!-- Generated by org.testng.reporters.JUnitReportReporter -->
<testsuite skipped="0" hostname="ENGLON146394L" name="com.qa.hubspot.test.ProfilePageTest" tests="6" failures="0" timestamp="2020-04-27T22:04:28 CEST" time="118.281" errors="0">
  <testcase name="validateTitle" time="19.820" classname="com.qa.hubspot.test.ProfilePageTest"/>
  <system-out/>
  <testcase name="validatePageHeader" time="20.176" classname="com.qa.hubspot.test.ProfilePageTest"/>
  <system-out/>
  <testcase name="validateProfileName" time="19.269" classname="com.qa.hubspot.test.ProfilePageTest"/>
  <system-out/>
  <testcase name="validateLanguage" time="19.317" classname="com.qa.hubspot.test.ProfilePageTest"/>
  <system-out/>
  <testcase name="validateTimeZone" time="18.312" classname="com.qa.hubspot.test.ProfilePageTest"/>
  <system-out/>
  <testcase name="validatePhoneNumber" time="21.387" classname="com.qa.hubspot.test.ProfilePageTest"/>
  <system-out/>
</testsuite> <!-- com.qa.hubspot.test.ProfilePageTest -->
