<?xml version="1.0" encoding="UTF-8"?>
<!-- Generated by org.testng.reporters.JUnitReportReporter -->
<testsuite skipped="0" hostname="ENGLON146394L" name="com.qa.hubspot.test.ProfilePageTest" tests="6" failures="0" timestamp="2020-04-27T02:53:43 CEST" time="111.280" errors="0">
  <testcase name="validateTitle" time="16.907" classname="com.qa.hubspot.test.ProfilePageTest"/>
  <system-out/>
  <testcase name="validatePageHeader" time="19.698" classname="com.qa.hubspot.test.ProfilePageTest"/>
  <system-out/>
  <testcase name="validateProfileName" time="19.460" classname="com.qa.hubspot.test.ProfilePageTest"/>
  <system-out/>
  <testcase name="validateLanguage" time="18.210" classname="com.qa.hubspot.test.ProfilePageTest"/>
  <system-out/>
  <testcase name="validateTimeZone" time="18.575" classname="com.qa.hubspot.test.ProfilePageTest"/>
  <system-out/>
  <testcase name="validatePhoneNumber" time="18.430" classname="com.qa.hubspot.test.ProfilePageTest"/>
  <system-out/>
</testsuite> <!-- com.qa.hubspot.test.ProfilePageTest -->
