<?xml version="1.0" encoding="UTF-8"?>
<!-- Generated by org.testng.reporters.JUnitReportReporter -->
<testsuite skipped="0" hostname="ENGLON146394L" name="com.qa.hubspot.test.ProfilePageTest" tests="6" failures="0" timestamp="2020-04-25T18:24:54 CEST" time="179.619" errors="0">
  <testcase name="validateTitle" time="30.755" classname="com.qa.hubspot.test.ProfilePageTest"/>
  <system-out/>
  <testcase name="validatePageHeader" time="29.595" classname="com.qa.hubspot.test.ProfilePageTest"/>
  <system-out/>
  <testcase name="validateProfileName" time="30.115" classname="com.qa.hubspot.test.ProfilePageTest"/>
  <system-out/>
  <testcase name="validateLanguage" time="29.391" classname="com.qa.hubspot.test.ProfilePageTest"/>
  <system-out/>
  <testcase name="validateTimeZone" time="29.715" classname="com.qa.hubspot.test.ProfilePageTest"/>
  <system-out/>
  <testcase name="validatePhoneNumber" time="30.048" classname="com.qa.hubspot.test.ProfilePageTest"/>
  <system-out/>
</testsuite> <!-- com.qa.hubspot.test.ProfilePageTest -->
