<?xml version="1.0" encoding="UTF-8"?>
<!-- Generated by org.testng.reporters.JUnitReportReporter -->
<testsuite skipped="0" hostname="ENGLON146394L" name="com.qa.hubspot.test.LoginPageTest" tests="3" failures="0" timestamp="2020-05-01T11:31:37 CEST" time="40.991" errors="0">
  <testcase name="validateTitle" time="13.151" classname="com.qa.hubspot.test.LoginPageTest"/>
  <system-out/>
  <testcase name="validateSignUpLinkDisplayed" time="13.019" classname="com.qa.hubspot.test.LoginPageTest"/>
  <system-out/>
  <testcase name="validateLogin" time="14.821" classname="com.qa.hubspot.test.LoginPageTest"/>
  <system-out/>
</testsuite> <!-- com.qa.hubspot.test.LoginPageTest -->
